# JRE version: OpenJDK Runtime Environment (7.0_75-b13) (build 1.7.0_75-b13)
# Java VM: OpenJDK 64-Bit Server VM (24.75-b04 mixed mode linux-amd64 compressed oops)
Heap
 def new generation   total 82240K, used 0K [0x00000000d5a00000, 0x00000000db330000, 0x00000000e04a0000)
  eden space 73152K,   0% used [0x00000000d5a00000, 0x00000000d5a00000, 0x00000000da170000)
  from space 9088K,   0% used [0x00000000da170000, 0x00000000da170000, 0x00000000daa50000)
  to   space 9088K,   0% used [0x00000000daa50000, 0x00000000daa50000, 0x00000000db330000)
 tenured generation   total 184144K, used 166711K [0x00000000e04a0000, 0x00000000eb874000, 0x00000000f5a00000)
   the space 184144K,  90% used [0x00000000e04a0000, 0x00000000ea76ddb8, 0x00000000ea76de00, 0x00000000eb874000)
 compacting perm gen  total 21248K, used 18790K [0x00000000f5a00000, 0x00000000f6ec0000, 0x0000000100000000)
   the space 21248K,  88% used [0x00000000f5a00000, 0x00000000f6c59900, 0x00000000f6c59a00, 0x00000000f6ec0000)
GC Heap History (10 events):
Event: 13.371 GC heap after
Heap after GC invocations=27 (full 4):
 def new generation   total 49280K, used 5440K [0x00000000d5a00000, 0x00000000d8f70000, 0x00000000e04a0000)
  eden space 43840K,   0% used [0x00000000d5a00000, 0x00000000d5a00000, 0x00000000d84d0000)
  from space 5440K, 100% used [0x00000000d84d0000, 0x00000000d8a20000, 0x00000000d8a20000)
  to   space 5440K,   0% used [0x00000000d8a20000, 0x00000000d8a20000, 0x00000000d8f70000)
 tenured generation   total 109372K, used 93447K [0x00000000e04a0000, 0x00000000e6f6f000, 0x00000000f5a00000)
   the space 109372K,  85% used [0x00000000e04a0000, 0x00000000e5fe1de0, 0x00000000e5fe1e00, 0x00000000e6f6f000)
 compacting perm gen  total 21248K, used 15569K [0x00000000f5a00000, 0x00000000f6ec0000, 0x0000000100000000)
   the space 21248K,  73% used [0x00000000f5a00000, 0x00000000f6934598, 0x00000000f6934600, 0x00000000f6ec0000)
No shared spaces configured.
}
Event: 13.999 GC heap before
{Heap before GC invocations=27 (full 4):
 def new generation   total 49280K, used 49280K [0x00000000d5a00000, 0x00000000d8f70000, 0x00000000e04a0000)
  eden space 43840K, 100% used [0x00000000d5a00000, 0x00000000d84d0000, 0x00000000d84d0000)
  from space 5440K, 100% used [0x00000000d84d0000, 0x00000000d8a20000, 0x00000000d8a20000)
  to   space 5440K,   0% used [0x00000000d8a20000, 0x00000000d8a20000, 0x00000000d8f70000)
 tenured generation   total 109372K, used 93447K [0x00000000e04a0000, 0x00000000e6f6f000, 0x00000000f5a00000)
   the space 109372K,  85% used [0x00000000e04a0000, 0x00000000e5fe1de0, 0x00000000e5fe1e00, 0x00000000e6f6f000)
 compacting perm gen  total 21248K, used 15590K [0x00000000f5a00000, 0x00000000f6ec0000, 0x0000000100000000)
   the space 21248K,  73% used [0x00000000f5a00000, 0x00000000f6939928, 0x00000000f6939a00, 0x00000000f6ec0000)
No shared spaces configured.
Event: 14.209 GC heap after
Heap after GC invocations=28 (full 5):
 def new generation   total 82240K, used 5314K [0x00000000d5a00000, 0x00000000db330000, 0x00000000e04a0000)
  eden space 73152K,   7% used [0x00000000d5a00000, 0x00000000d5f30890, 0x00000000da170000)
  from space 9088K,   0% used [0x00000000da170000, 0x00000000da170000, 0x00000000daa50000)
  to   space 9088K,   0% used [0x00000000daa50000, 0x00000000daa50000, 0x00000000db330000)
 tenured generation   total 182608K, used 109563K [0x00000000e04a0000, 0x00000000eb6f4000, 0x00000000f5a00000)
   the space 182608K,  59% used [0x00000000e04a0000, 0x00000000e6f9ef18, 0x00000000e6f9f000, 0x00000000eb6f4000)
 compacting perm gen  total 21248K, used 15590K [0x00000000f5a00000, 0x00000000f6ec0000, 0x0000000100000000)
   the space 21248K,  73% used [0x00000000f5a00000, 0x00000000f6939928, 0x00000000f6939a00, 0x00000000f6ec0000)
No shared spaces configured.
}
Event: 14.976 GC heap before
{Heap before GC invocations=28 (full 5):
 def new generation   total 82240K, used 73152K [0x00000000d5a00000, 0x00000000db330000, 0x00000000e04a0000)
  eden space 73152K, 100% used [0x00000000d5a00000, 0x00000000da170000, 0x00000000da170000)
  from space 9088K,   0% used [0x00000000da170000, 0x00000000da170000, 0x00000000daa50000)
  to   space 9088K,   0% used [0x00000000daa50000, 0x00000000daa50000, 0x00000000db330000)
 tenured generation   total 182608K, used 109563K [0x00000000e04a0000, 0x00000000eb6f4000, 0x00000000f5a00000)
   the space 182608K,  59% used [0x00000000e04a0000, 0x00000000e6f9ef18, 0x00000000e6f9f000, 0x00000000eb6f4000)
 compacting perm gen  total 21248K, used 15601K [0x00000000f5a00000, 0x00000000f6ec0000, 0x0000000100000000)
   the space 21248K,  73% used [0x00000000f5a00000, 0x00000000f693c568, 0x00000000f693c600, 0x00000000f6ec0000)
No shared spaces configured.
Event: 15.083 GC heap after
Heap after GC invocations=29 (full 5):
 def new generation   total 82240K, used 9087K [0x00000000d5a00000, 0x00000000db330000, 0x00000000e04a0000)
  eden space 73152K,   0% used [0x00000000d5a00000, 0x00000000d5a00000, 0x00000000da170000)
  from space 9088K,  99% used [0x00000000daa50000, 0x00000000db32fff8, 0x00000000db330000)
  to   space 9088K,   0% used [0x00000000da170000, 0x00000000da170000, 0x00000000daa50000)
 tenured generation   total 182608K, used 130692K [0x00000000e04a0000, 0x00000000eb6f4000, 0x00000000f5a00000)
   the space 182608K,  71% used [0x00000000e04a0000, 0x00000000e8441360, 0x00000000e8441400, 0x00000000eb6f4000)
 compacting perm gen  total 21248K, used 15601K [0x00000000f5a00000, 0x00000000f6ec0000, 0x0000000100000000)
   the space 21248K,  73% used [0x00000000f5a00000, 0x00000000f693c568, 0x00000000f693c600, 0x00000000f6ec0000)
No shared spaces configured.
}
Event: 17.692 GC heap before
{Heap before GC invocations=29 (full 5):
 def new generation   total 82240K, used 82239K [0x00000000d5a00000, 0x00000000db330000, 0x00000000e04a0000)
  eden space 73152K, 100% used [0x00000000d5a00000, 0x00000000da170000, 0x00000000da170000)
  from space 9088K,  99% used [0x00000000daa50000, 0x00000000db32fff8, 0x00000000db330000)
  to   space 9088K,   0% used [0x00000000da170000, 0x00000000da170000, 0x00000000daa50000)
 tenured generation   total 182608K, used 130692K [0x00000000e04a0000, 0x00000000eb6f4000, 0x00000000f5a00000)
   the space 182608K,  71% used [0x00000000e04a0000, 0x00000000e8441360, 0x00000000e8441400, 0x00000000eb6f4000)
 compacting perm gen  total 21248K, used 17986K [0x00000000f5a00000, 0x00000000f6ec0000, 0x0000000100000000)
   the space 21248K,  84% used [0x00000000f5a00000, 0x00000000f6b90bc0, 0x00000000f6b90c00, 0x00000000f6ec0000)
No shared spaces configured.
Event: 18.186 GC heap after
Heap after GC invocations=30 (full 5):
 def new generation   total 82240K, used 9087K [0x00000000d5a00000, 0x00000000db330000, 0x00000000e04a0000)
  eden space 73152K,   0% used [0x00000000d5a00000, 0x00000000d5a00000, 0x00000000da170000)
  from space 9088K,  99% used [0x00000000da170000, 0x00000000daa4fff8, 0x00000000daa50000)
  to   space 9088K,   0% used [0x00000000daa50000, 0x00000000daa50000, 0x00000000db330000)
 tenured generation   total 182608K, used 155648K [0x00000000e04a0000, 0x00000000eb6f4000, 0x00000000f5a00000)
   the space 182608K,  85% used [0x00000000e04a0000, 0x00000000e9ca0370, 0x00000000e9ca0400, 0x00000000eb6f4000)
 compacting perm gen  total 21248K, used 17986K [0x00000000f5a00000, 0x00000000f6ec0000, 0x0000000100000000)
   the space 21248K,  84% used [0x00000000f5a00000, 0x00000000f6b90bc0, 0x00000000f6b90c00, 0x00000000f6ec0000)
No shared spaces configured.
}
Event: 21.540 GC heap before
{Heap before GC invocations=30 (full 5):
 def new generation   total 82240K, used 82239K [0x00000000d5a00000, 0x00000000db330000, 0x00000000e04a0000)
  eden space 73152K, 100% used [0x00000000d5a00000, 0x00000000da170000, 0x00000000da170000)
  from space 9088K,  99% used [0x00000000da170000, 0x00000000daa4fff8, 0x00000000daa50000)
  to   space 9088K,   0% used [0x00000000daa50000, 0x00000000daa50000, 0x00000000db330000)
 tenured generation   total 182608K, used 155648K [0x00000000e04a0000, 0x00000000eb6f4000, 0x00000000f5a00000)
   the space 182608K,  85% used [0x00000000e04a0000, 0x00000000e9ca0370, 0x00000000e9ca0400, 0x00000000eb6f4000)
 compacting perm gen  total 21248K, used 18574K [0x00000000f5a00000, 0x00000000f6ec0000, 0x0000000100000000)
   the space 21248K,  87% used [0x00000000f5a00000, 0x00000000f6c23b50, 0x00000000f6c23c00, 0x00000000f6ec0000)
No shared spaces configured.
Event: 21.615 GC heap after
Heap after GC invocations=31 (full 5):
 def new generation   total 82240K, used 9088K [0x00000000d5a00000, 0x00000000db330000, 0x00000000e04a0000)
  eden space 73152K,   0% used [0x00000000d5a00000, 0x00000000d5a00000, 0x00000000da170000)
  from space 9088K, 100% used [0x00000000daa50000, 0x00000000db330000, 0x00000000db330000)
  to   space 9088K,   0% used [0x00000000da170000, 0x00000000da170000, 0x00000000daa50000)
 tenured generation   total 182608K, used 170694K [0x00000000e04a0000, 0x00000000eb6f4000, 0x00000000f5a00000)
   the space 182608K,  93% used [0x00000000e04a0000, 0x00000000eab518e8, 0x00000000eab51a00, 0x00000000eb6f4000)
 compacting perm gen  total 21248K, used 18574K [0x00000000f5a00000, 0x00000000f6ec0000, 0x0000000100000000)
   the space 21248K,  87% used [0x00000000f5a00000, 0x00000000f6c23b50, 0x00000000f6c23c00, 0x00000000f6ec0000)
No shared spaces configured.
}
Event: 24.178 GC heap before
{Heap before GC invocations=31 (full 5):
 def new generation   total 82240K, used 82240K [0x00000000d5a00000, 0x00000000db330000, 0x00000000e04a0000)
  eden space 73152K, 100% used [0x00000000d5a00000, 0x00000000da170000, 0x00000000da170000)
  from space 9088K, 100% used [0x00000000daa50000, 0x00000000db330000, 0x00000000db330000)
  to   space 9088K,   0% used [0x00000000da170000, 0x00000000da170000, 0x00000000daa50000)
 tenured generation   total 182608K, used 170694K [0x00000000e04a0000, 0x00000000eb6f4000, 0x00000000f5a00000)
   the space 182608K,  93% used [0x00000000e04a0000, 0x00000000eab518e8, 0x00000000eab51a00, 0x00000000eb6f4000)
 compacting perm gen  total 21248K, used 18790K [0x00000000f5a00000, 0x00000000f6ec0000, 0x0000000100000000)
   the space 21248K,  88% used [0x00000000f5a00000, 0x00000000f6c59900, 0x00000000f6c59a00, 0x00000000f6ec0000)
No shared spaces configured.

